app/build/outputs/logs/manifest-merger-debug-report.txt
-- Merging decision tree log ---
manifest
ADDED from src\main\AndroidManifest.xml:2:1-338:12
	package
		ADDED from src\main\AndroidManifest.xml:4:5-29
		INJECTED from src\main\AndroidManifest.xml
		INJECTED from src\main\AndroidManifest.xml
	android:versionName
		ADDED from src\main\AndroidManifest.xml:7:5-32
		INJECTED from src\main\AndroidManifest.xml
		INJECTED from src\main\AndroidManifest.xml
	xmlns:tools
		ADDED from src\main\AndroidManifest.xml:3:5-51
	android:versionCode
		ADDED from src\main\AndroidManifest.xml:6:5-29
		INJECTED from src\main\AndroidManifest.xml
		INJECTED from src\main\AndroidManifest.xml
	xmlns:android
		ADDED from src\main\AndroidManifest.xml:2:11-69
	android:installLocation
		ADDED from src\main\AndroidManifest.xml:5:5-43
uses-sdk
ADDED from src\main\AndroidManifest.xml:9:5-11:41
MERGED from [com.android.support:multidex:1.0.1] AndroidManifest.xml:18:5-42
MERGED from [com.journeyapps:zxing-android-embedded:3.5.0] AndroidManifest.xml:19:5-43
MERGED from [com.android.support:support-v4:25.1.0] AndroidManifest.xml:21:5-23:54
MERGED from [com.android.support:support-fragment:25.1.0] AndroidManifest.xml:21:5-23:60
MERGED from [com.android.support:support-media-compat:25.1.0] AndroidManifest.xml:21:5-23:63
MERGED from [com.android.support:support-core-ui:25.1.0] AndroidManifest.xml:21:5-23:58
MERGED from [com.android.support:support-core-utils:25.1.0] AndroidManifest.xml:21:5-23:61
MERGED from [com.android.support:support-compat:25.1.0] AndroidManifest.xml:21:5-23:58
	tools:overrideLibrary
		ADDED from [com.android.support:support-v4:25.1.0] AndroidManifest.xml:23:9-51
	android:targetSdkVersion
		ADDED from src\main\AndroidManifest.xml:11:9-38
		INJECTED from src\main\AndroidManifest.xml
		INJECTED from src\main\AndroidManifest.xml
	android:minSdkVersion
		ADDED from src\main\AndroidManifest.xml:10:9-35
		INJECTED from src\main\AndroidManifest.xml
		INJECTED from src\main\AndroidManifest.xml
uses-permission#android.permission.ACCESS_WIFI_STATE
ADDED from src\main\AndroidManifest.xml:13:5-76
	android:name
		ADDED from src\main\AndroidManifest.xml:13:22-73
uses-permission#android.permission.INTERNET
ADDED from src\main\AndroidManifest.xml:14:5-67
	android:name
		ADDED from src\main\AndroidManifest.xml:14:22-64
uses-permission#android.permission.ACCESS_NETWORK_STATE
ADDED from src\main\AndroidManifest.xml:15:5-79
	android:name
		ADDED from src\main\AndroidManifest.xml:15:22-76
uses-permission#android.permission.CHANGE_WIFI_STATE
ADDED from src\main\AndroidManifest.xml:16:5-76
	android:name
		ADDED from src\main\AndroidManifest.xml:16:22-73
uses-permission#android.permission.CAMERA
ADDED from src\main\AndroidManifest.xml:17:5-65
MERGED from [com.journeyapps:zxing-android-embedded:3.5.0] AndroidManifest.xml:21:5-65
	android:name
		ADDED from src\main\AndroidManifest.xml:17:22-62
uses-permission#android.permission.WRITE_EXTERNAL_STORAGE
ADDED from src\main\AndroidManifest.xml:18:5-81
	android:name
		ADDED from src\main\AndroidManifest.xml:18:22-78
uses-permission#android.hardware.camera
ADDED from src\main\AndroidManifest.xml:19:5-63
	android:name
		ADDED from src\main\AndroidManifest.xml:19:22-60
uses-permission#android.permission.VIBRATE
ADDED from src\main\AndroidManifest.xml:20:5-66
	android:name
		ADDED from src\main\AndroidManifest.xml:20:22-63
uses-permission#android.permission.FLASHLIGHT
ADDED from src\main\AndroidManifest.xml:21:5-69
	android:name
		ADDED from src\main\AndroidManifest.xml:21:22-66
uses-permission#android.permission.GET_TASKS
ADDED from src\main\AndroidManifest.xml:22:5-68
	android:name
		ADDED from src\main\AndroidManifest.xml:22:22-65
uses-permission#android.permission.RESTART_PACKAGES
ADDED from src\main\AndroidManifest.xml:23:5-75
	android:name
		ADDED from src\main\AndroidManifest.xml:23:22-72
uses-permission#android.permission.READ_PHONE_STATE
ADDED from src\main\AndroidManifest.xml:24:5-75
	android:name
		ADDED from src\main\AndroidManifest.xml:24:22-72
uses-permission#android.permission.DISABLE_KEYGUARD
ADDED from src\main\AndroidManifest.xml:25:5-75
	android:name
		ADDED from src\main\AndroidManifest.xml:25:22-72
uses-permission#android.permission.RECEIVE_BOOT_COMPLETED
ADDED from src\main\AndroidManifest.xml:26:5-81
	android:name
		ADDED from src\main\AndroidManifest.xml:26:22-78
uses-permission#com.pos.permission.ACCESSORY_DATETIME
ADDED from src\main\AndroidManifest.xml:28:5-77
	android:name
		ADDED from src\main\AndroidManifest.xml:28:22-74
uses-permission#com.pos.permission.ACCESSORY_LED
ADDED from src\main\AndroidManifest.xml:29:5-72
	android:name
		ADDED from src\main\AndroidManifest.xml:29:22-69
uses-permission#com.pos.permission.ACCESSORY_BEEP
ADDED from src\main\AndroidManifest.xml:30:5-73
	android:name
		ADDED from src\main\AndroidManifest.xml:30:22-70
uses-permission#com.pos.permission.CARD_READER_ICC
ADDED from src\main\AndroidManifest.xml:31:5-74
	android:name
		ADDED from src\main\AndroidManifest.xml:31:22-71
uses-permission#com.pos.permission.CARD_READER_PICC
ADDED from src\main\AndroidManifest.xml:32:5-75
	android:name
		ADDED from src\main\AndroidManifest.xml:32:22-72
uses-permission#com.pos.permission.CARD_READER_MAG
ADDED from src\main\AndroidManifest.xml:33:5-74
	android:name
		ADDED from src\main\AndroidManifest.xml:33:22-71
uses-permission#com.pos.permission.COMMUNICATION
ADDED from src\main\AndroidManifest.xml:34:5-72
	android:name
		ADDED from src\main\AndroidManifest.xml:34:22-69
uses-permission#com.pos.permission.PRINTER
ADDED from src\main\AndroidManifest.xml:35:5-66
	android:name
		ADDED from src\main\AndroidManifest.xml:35:22-63
uses-permission#com.pos.permission.SECURITY
ADDED from src\main\AndroidManifest.xml:36:5-67
	android:name
		ADDED from src\main\AndroidManifest.xml:36:22-64
uses-permission#android.permission.MOUNT_UNMOUNT_FILESYSTEMS
ADDED from src\main\AndroidManifest.xml:37:5-84
	android:name
		ADDED from src\main\AndroidManifest.xml:37:22-81
uses-feature#android.hardware.camera
ADDED from src\main\AndroidManifest.xml:40:5-42:36
MERGED from [com.journeyapps:zxing-android-embedded:3.5.0] AndroidManifest.xml:24:5-26:36
	android:required
		ADDED from src\main\AndroidManifest.xml:42:9-33
	android:name
		ADDED from src\main\AndroidManifest.xml:41:9-47
uses-feature#android.hardware.camera.front
ADDED from src\main\AndroidManifest.xml:43:5-45:36
MERGED from [com.journeyapps:zxing-android-embedded:3.5.0] AndroidManifest.xml:27:5-29:36
	android:required
		ADDED from src\main\AndroidManifest.xml:45:9-33
	android:name
		ADDED from src\main\AndroidManifest.xml:44:9-53
uses-feature#android.hardware.camera.autofocus
ADDED from src\main\AndroidManifest.xml:48:5-50:36
MERGED from [com.journeyapps:zxing-android-embedded:3.5.0] AndroidManifest.xml:32:5-34:36
	android:required
		ADDED from src\main\AndroidManifest.xml:50:9-33
	android:name
		ADDED from src\main\AndroidManifest.xml:49:9-57
uses-feature#android.hardware.camera.flash
ADDED from src\main\AndroidManifest.xml:51:5-53:36
MERGED from [com.journeyapps:zxing-android-embedded:3.5.0] AndroidManifest.xml:35:5-37:36
	android:required
		ADDED from src\main\AndroidManifest.xml:53:9-33
	android:name
		ADDED from src\main\AndroidManifest.xml:52:9-53
uses-feature#android.hardware.screen.landscape
ADDED from src\main\AndroidManifest.xml:54:5-70
MERGED from [com.journeyapps:zxing-android-embedded:3.5.0] AndroidManifest.xml:38:5-40:36
	android:name
		ADDED from src\main\AndroidManifest.xml:54:19-67
uses-feature#android.hardware.wifi
ADDED from src\main\AndroidManifest.xml:55:5-57:36
MERGED from [com.journeyapps:zxing-android-embedded:3.5.0] AndroidManifest.xml:41:5-43:36
	android:required
		ADDED from src\main\AndroidManifest.xml:57:9-33
	android:name
		ADDED from src\main\AndroidManifest.xml:56:9-45
uses-feature#android.hardware.touchscreen
ADDED from src\main\AndroidManifest.xml:59:5-65
	android:name
		ADDED from src\main\AndroidManifest.xml:59:19-62
supports-screens
ADDED from src\main\AndroidManifest.xml:62:5-67:40
	android:largeScreens
		ADDED from src\main\AndroidManifest.xml:64:9-36
	android:smallScreens
		ADDED from src\main\AndroidManifest.xml:66:9-36
	android:normalScreens
		ADDED from src\main\AndroidManifest.xml:65:9-37
	android:xlargeScreens
		ADDED from src\main\AndroidManifest.xml:67:9-37
	android:anyDensity
		ADDED from src\main\AndroidManifest.xml:63:9-34
application
ADDED from src\main\AndroidManifest.xml:69:5-336:19
MERGED from [com.journeyapps:zxing-android-embedded:3.5.0] AndroidManifest.xml:45:5-53:19
MERGED from [com.android.support:support-v4:25.1.0] AndroidManifest.xml:25:5-20
MERGED from [com.android.support:support-fragment:25.1.0] AndroidManifest.xml:25:5-20
MERGED from [com.android.support:support-media-compat:25.1.0] AndroidManifest.xml:25:5-20
MERGED from [com.android.support:support-core-ui:25.1.0] AndroidManifest.xml:25:5-20
MERGED from [com.android.support:support-core-utils:25.1.0] AndroidManifest.xml:25:5-20
MERGED from [com.android.support:support-compat:25.1.0] AndroidManifest.xml:25:5-20
	android:label
		ADDED from src\main\AndroidManifest.xml:72:9-41
	android:allowBackup
		ADDED from src\main\AndroidManifest.xml:70:9-35
	android:icon
		ADDED from src\main\AndroidManifest.xml:71:9-45
	android:largeHeap
		ADDED from src\main\AndroidManifest.xml:73:9-33
	android:theme
		ADDED from src\main\AndroidManifest.xml:74:9-56
uses-library#com.odm
ADDED from src\main\AndroidManifest.xml:75:9-77:40
	android:required
		ADDED from src\main\AndroidManifest.xml:77:13-37
	android:name
		ADDED from src\main\AndroidManifest.xml:76:13-35
uses-library#com.pos.sdk
ADDED from src\main\AndroidManifest.xml:78:9-80:40
	android:required
		ADDED from src\main\AndroidManifest.xml:80:13-37
	android:name
		ADDED from src\main\AndroidManifest.xml:79:13-39
activity#com.ven.pos.MainActivity
ADDED from src\main\AndroidManifest.xml:82:9-85:63
	android:screenOrientation
		ADDED from src\main\AndroidManifest.xml:84:13-49
	android:theme
		ADDED from src\main\AndroidManifest.xml:85:13-60
	android:name
		ADDED from src\main\AndroidManifest.xml:83:13-52
activity#com.ven.pos.LoginActivity
ADDED from src\main\AndroidManifest.xml:86:9-97:20
	android:screenOrientation
		ADDED from src\main\AndroidManifest.xml:90:13-49
	android:label
		ADDED from src\main\AndroidManifest.xml:89:13-45
	android:configChanges
		ADDED from src\main\AndroidManifest.xml:88:13-59
	android:theme
		ADDED from src\main\AndroidManifest.xml:91:13-60
	android:name
		ADDED from src\main\AndroidManifest.xml:87:13-53
intent-filter#android.intent.action.MAIN+android.intent.category.LAUNCHER
ADDED from src\main\AndroidManifest.xml:92:13-96:29
action#android.intent.action.MAIN
ADDED from src\main\AndroidManifest.xml:93:17-69
	android:name
		ADDED from src\main\AndroidManifest.xml:93:25-66
category#android.intent.category.LAUNCHER
ADDED from src\main\AndroidManifest.xml:95:17-77
	android:name
		ADDED from src\main\AndroidManifest.xml:95:27-74
activity#com.ven.pos.WebViewActivity
ADDED from src\main\AndroidManifest.xml:98:9-104:20
	android:screenOrientation
		ADDED from src\main\AndroidManifest.xml:102:13-49
	android:label
		ADDED from src\main\AndroidManifest.xml:101:13-45
	android:configChanges
		ADDED from src\main\AndroidManifest.xml:100:13-59
	android:theme
		ADDED from src\main\AndroidManifest.xml:103:13-44
	android:name
		ADDED from src\main\AndroidManifest.xml:99:13-55
activity#com.ven.pos.Payment.PaymentCalculatorActivity
ADDED from src\main\AndroidManifest.xml:105:9-109:67
	android:screenOrientation
		ADDED from src\main\AndroidManifest.xml:107:13-49
	android:windowSoftInputMode
		ADDED from src\main\AndroidManifest.xml:109:13-64
	android:theme
		ADDED from src\main\AndroidManifest.xml:108:13-44
	android:name
		ADDED from src\main\AndroidManifest.xml:106:13-73
activity#com.ven.pos.Payment.PaymentMainActivity
ADDED from src\main\AndroidManifest.xml:110:9-113:47
	android:screenOrientation
		ADDED from src\main\AndroidManifest.xml:112:13-49
	android:theme
		ADDED from src\main\AndroidManifest.xml:113:13-44
	android:name
		ADDED from src\main\AndroidManifest.xml:111:13-67
activity#com.ven.pos.Payment.PaymentCashierMainAct
ADDED from src\main\AndroidManifest.xml:114:9-118:47
	android:screenOrientation
		ADDED from src\main\AndroidManifest.xml:117:13-49
	android:configChanges
		ADDED from src\main\AndroidManifest.xml:116:13-72
	android:theme
		ADDED from src\main\AndroidManifest.xml:118:13-44
	android:name
		ADDED from src\main\AndroidManifest.xml:115:13-69
activity#com.ven.pos.Payment.PaymentCodeAct
ADDED from src\main\AndroidManifest.xml:119:9-122:47
	android:screenOrientation
		ADDED from src\main\AndroidManifest.xml:121:13-49
	android:theme
		ADDED from src\main\AndroidManifest.xml:122:13-44
	android:name
		ADDED from src\main\AndroidManifest.xml:120:13-62
activity#com.ven.pos.Payment.PaymentResultActivity
ADDED from src\main\AndroidManifest.xml:123:9-128:20
	android:screenOrientation
		ADDED from src\main\AndroidManifest.xml:126:13-49
	android:configChanges
		ADDED from src\main\AndroidManifest.xml:125:13-72
	android:theme
		ADDED from src\main\AndroidManifest.xml:127:13-44
	android:name
		ADDED from src\main\AndroidManifest.xml:124:13-69
activity#com.ven.pos.Payment.BarCodeActivity
ADDED from src\main\AndroidManifest.xml:129:9-132:47
	android:screenOrientation
		ADDED from src\main\AndroidManifest.xml:131:13-49
	android:theme
		ADDED from src\main\AndroidManifest.xml:132:13-44
	android:name
		ADDED from src\main\AndroidManifest.xml:130:13-63
activity#com.ven.pos.qscanbar.PayCameraActivity
ADDED from src\main\AndroidManifest.xml:133:9-136:47
	android:screenOrientation
		ADDED from src\main\AndroidManifest.xml:135:13-49
	android:theme
		ADDED from src\main\AndroidManifest.xml:136:13-44
	android:name
		ADDED from src\main\AndroidManifest.xml:134:13-66
activity#com.ven.pos.qscanbar.ShopCameraActivity
ADDED from src\main\AndroidManifest.xml:137:9-140:47
	android:screenOrientation
		ADDED from src\main\AndroidManifest.xml:139:13-49
	android:theme
		ADDED from src\main\AndroidManifest.xml:140:13-44
	android:name
		ADDED from src\main\AndroidManifest.xml:138:13-67
activity#com.ven.pos.PersonCenterActivity
ADDED from src\main\AndroidManifest.xml:141:9-144:47
	android:screenOrientation
		ADDED from src\main\AndroidManifest.xml:143:13-49
	android:theme
		ADDED from src\main\AndroidManifest.xml:144:13-44
	android:name
		ADDED from src\main\AndroidManifest.xml:142:13-60
activity#com.ven.pos.MemberInfoActivity
ADDED from src\main\AndroidManifest.xml:145:9-148:47
	android:screenOrientation
		ADDED from src\main\AndroidManifest.xml:147:13-49
	android:theme
		ADDED from src\main\AndroidManifest.xml:148:13-44
	android:name
		ADDED from src\main\AndroidManifest.xml:146:13-58
activity#com.ven.pos.MemberRechargeActivity
ADDED from src\main\AndroidManifest.xml:149:9-152:47
	android:screenOrientation
		ADDED from src\main\AndroidManifest.xml:151:13-49
	android:theme
		ADDED from src\main\AndroidManifest.xml:152:13-44
	android:name
		ADDED from src\main\AndroidManifest.xml:150:13-62
activity#com.ven.pos.GoodSearchActivity
ADDED from src\main\AndroidManifest.xml:153:9-156:47
	android:screenOrientation
		ADDED from src\main\AndroidManifest.xml:155:13-49
	android:theme
		ADDED from src\main\AndroidManifest.xml:156:13-44
	android:name
		ADDED from src\main\AndroidManifest.xml:154:13-58
activity#com.ven.pos.Payment.MipcaActivityCapture
ADDED from src\main\AndroidManifest.xml:157:9-163:20
	android:screenOrientation
		ADDED from src\main\AndroidManifest.xml:160:13-49
	android:windowSoftInputMode
		ADDED from src\main\AndroidManifest.xml:162:13-60
	android:configChanges
		ADDED from src\main\AndroidManifest.xml:159:13-63
	android:theme
		ADDED from src\main\AndroidManifest.xml:161:13-60
	android:name
		ADDED from src\main\AndroidManifest.xml:158:13-68
activity#com.ven.pos.Payment.wxapi.WXPayEntryActivity
ADDED from src\main\AndroidManifest.xml:228:9-231:46
	android:launchMode
		ADDED from src\main\AndroidManifest.xml:231:13-43
	android:exported
		ADDED from src\main\AndroidManifest.xml:230:13-36
	android:name
		ADDED from src\main\AndroidManifest.xml:229:13-72
receiver#net.sourceforge.simcpux.AppRegister
ADDED from src\main\AndroidManifest.xml:233:9-237:20
	android:name
		ADDED from src\main\AndroidManifest.xml:233:19-69
intent-filter#com.tencent.mm.plugin.openapi.Intent.ACTION_REFRESH_WXAPP
ADDED from src\main\AndroidManifest.xml:234:13-236:29
action#com.tencent.mm.plugin.openapi.Intent.ACTION_REFRESH_WXAPP
ADDED from src\main\AndroidManifest.xml:235:17-100
	android:name
		ADDED from src\main\AndroidManifest.xml:235:25-97
service#com.umeng.update.net.DownloadingService
ADDED from src\main\AndroidManifest.xml:239:9-242:19
	android:process
		ADDED from src\main\AndroidManifest.xml:241:13-50
	android:name
		ADDED from src\main\AndroidManifest.xml:240:13-67
activity#com.umeng.update.UpdateDialogActivity
ADDED from src\main\AndroidManifest.xml:244:9-247:20
	android:theme
		ADDED from src\main\AndroidManifest.xml:246:13-72
	android:name
		ADDED from src\main\AndroidManifest.xml:245:13-65
service#com.ven.pos.updata.UpdateService
ADDED from src\main\AndroidManifest.xml:249:9-250:19
	android:name
		ADDED from src\main\AndroidManifest.xml:249:18-65
receiver#com.cnyssj.db.AlarmReceiver
ADDED from src\main\AndroidManifest.xml:252:9-258:20
	android:name
		ADDED from src\main\AndroidManifest.xml:252:19-61
intent-filter#android.intent.action.BOOT_COMPLETED+android.intent.category.HOME
ADDED from src\main\AndroidManifest.xml:253:13-257:29
action#android.intent.action.BOOT_COMPLETED
ADDED from src\main\AndroidManifest.xml:254:17-79
	android:name
		ADDED from src\main\AndroidManifest.xml:254:25-76
category#android.intent.category.HOME
ADDED from src\main\AndroidManifest.xml:256:17-73
	android:name
		ADDED from src\main\AndroidManifest.xml:256:27-70
meta-data#UMENG_APPKEY
ADDED from src\main\AndroidManifest.xml:260:9-262:56
	android:value
		ADDED from src\main\AndroidManifest.xml:262:13-53
	android:name
		ADDED from src\main\AndroidManifest.xml:261:13-40
meta-data#UMENG_CHANNEL
ADDED from src\main\AndroidManifest.xml:263:9-265:35
	android:value
		ADDED from src\main\AndroidManifest.xml:265:13-32
	android:name
		ADDED from src\main\AndroidManifest.xml:264:13-41
receiver#com.ven.pos.BootCompletedReceiver
ADDED from src\main\AndroidManifest.xml:267:9-280:20
	android:name
		ADDED from src\main\AndroidManifest.xml:267:19-67
intent-filter#android.intent.action.BOOT_COMPLETED+android.intent.category.LAUNCHER
ADDED from src\main\AndroidManifest.xml:268:13-272:29
intent-filter#android.intent.action.PACKAGE_ADDED+android.intent.action.PACKAGE_REMOVED
ADDED from src\main\AndroidManifest.xml:273:13-279:29
action#android.intent.action.PACKAGE_ADDED
ADDED from src\main\AndroidManifest.xml:274:17-78
	android:name
		ADDED from src\main\AndroidManifest.xml:274:25-75
action#android.intent.action.PACKAGE_REMOVED
ADDED from src\main\AndroidManifest.xml:275:17-80
	android:name
		ADDED from src\main\AndroidManifest.xml:275:25-77
data
ADDED from src\main\AndroidManifest.xml:277:17-50
	android:scheme
		ADDED from src\main\AndroidManifest.xml:277:23-47
activity#com.ven.pos.ExchangeActivity
ADDED from src\main\AndroidManifest.xml:282:9-286:20
	android:label
		ADDED from src\main\AndroidManifest.xml:284:13-60
	android:theme
		ADDED from src\main\AndroidManifest.xml:285:13-60
	android:name
		ADDED from src\main\AndroidManifest.xml:283:13-56
activity#com.ven.pos.RegisterActivity
ADDED from src\main\AndroidManifest.xml:287:9-291:20
	android:label
		ADDED from src\main\AndroidManifest.xml:289:13-60
	android:theme
		ADDED from src\main\AndroidManifest.xml:290:13-60
	android:name
		ADDED from src\main\AndroidManifest.xml:288:13-56
activity#com.ven.pos.QRcode_Activity
ADDED from src\main\AndroidManifest.xml:292:9-296:20
	android:label
		ADDED from src\main\AndroidManifest.xml:294:13-59
	android:theme
		ADDED from src\main\AndroidManifest.xml:295:13-60
	android:name
		ADDED from src\main\AndroidManifest.xml:293:13-55
activity#com.cnyssj.pos.CcguanliActivity
ADDED from src\main\AndroidManifest.xml:297:9-301:20
	android:label
		ADDED from src\main\AndroidManifest.xml:299:13-60
	android:theme
		ADDED from src\main\AndroidManifest.xml:300:13-44
	android:name
		ADDED from src\main\AndroidManifest.xml:298:13-59
activity#com.cnyssj.pos.InventoryActivity
ADDED from src\main\AndroidManifest.xml:302:9-305:20
	android:theme
		ADDED from src\main\AndroidManifest.xml:304:13-44
	android:name
		ADDED from src\main\AndroidManifest.xml:303:13-60
activity#com.cnyssj.pos.StorageActivity
ADDED from src\main\AndroidManifest.xml:306:9-309:20
	android:theme
		ADDED from src\main\AndroidManifest.xml:308:13-44
	android:name
		ADDED from src\main\AndroidManifest.xml:307:13-58
activity#com.cnyssj.pos.RechargeActivity
ADDED from src\main\AndroidManifest.xml:310:9-313:20
	android:theme
		ADDED from src\main\AndroidManifest.xml:312:13-44
	android:name
		ADDED from src\main\AndroidManifest.xml:311:13-45
activity#com.cnyssj.testOrder.OrdersActivity
ADDED from src\main\AndroidManifest.xml:314:9-317:20
	android:theme
		ADDED from src\main\AndroidManifest.xml:316:13-44
	android:name
		ADDED from src\main\AndroidManifest.xml:315:13-63
activity#com.cnyssj.testOrder.CheckDetailActivity
ADDED from src\main\AndroidManifest.xml:322:9-325:20
	android:theme
		ADDED from src\main\AndroidManifest.xml:324:13-44
	android:name
		ADDED from src\main\AndroidManifest.xml:323:13-68
activity#com.jhj.pos.storage.StorageDetailActivity
ADDED from src\main\AndroidManifest.xml:326:9-329:20
	android:theme
		ADDED from src\main\AndroidManifest.xml:328:13-44
	android:name
		ADDED from src\main\AndroidManifest.xml:327:13-69
service#com.cnyssj.db.LongRunningService
ADDED from src\main\AndroidManifest.xml:331:9-335:19
	android:enabled
		ADDED from src\main\AndroidManifest.xml:333:13-35
	android:name
		ADDED from src\main\AndroidManifest.xml:332:13-60
activity#com.journeyapps.barcodescanner.CaptureActivity
ADDED from [com.journeyapps:zxing-android-embedded:3.5.0] AndroidManifest.xml:46:9-52:63
	android:clearTaskOnLaunch
		ADDED from [com.journeyapps:zxing-android-embedded:3.5.0] AndroidManifest.xml:48:13-45
	android:screenOrientation
		ADDED from [com.journeyapps:zxing-android-embedded:3.5.0] AndroidManifest.xml:49:13-56
	android:stateNotNeeded
		ADDED from [com.journeyapps:zxing-android-embedded:3.5.0] AndroidManifest.xml:50:13-42
	android:windowSoftInputMode
		ADDED from [com.journeyapps:zxing-android-embedded:3.5.0] AndroidManifest.xml:52:13-60
	android:theme
		ADDED from [com.journeyapps:zxing-android-embedded:3.5.0] AndroidManifest.xml:51:13-54
	android:name
		ADDED from [com.journeyapps:zxing-android-embedded:3.5.0] AndroidManifest.xml:47:13-74